<?xml version="1.0" encoding="UTF-8"?>
<!-- Generated by org.testng.reporters.JUnitXMLReporter -->
<testsuite ignored="0" hostname="LAPTOP-5CVCD5UV" failures="0" tests="5" name="Default test" time="0.73" errors="0" timestamp="2022-09-23T17:20:32 IST">
  <testcase classname="PracticePackage.ReadMultipleDataTest" name="hotelMenu" time="0.006"/>
  <testcase classname="PracticePackage.ReadMultipleDataTest" name="hotelMenu" time="0.003"/>
  <testcase classname="PracticePackage.ReadMultipleDataTest" name="hotelMenu" time="0.002"/>
  <testcase classname="PracticePackage.ReadMultipleDataTest" name="hotelMenu" time="0.0"/>
  <testcase classname="PracticePackage.ReadMultipleDataTest" name="hotelMenu" time="0.001"/>
</testsuite> <!-- Default test -->
