<?xml version="1.0" encoding="UTF-8"?>
<testng-results ignored="0" total="5" passed="5" failed="0" skipped="0">
  <reporter-output>
  </reporter-output>
  <suite started-at="2022-09-23T17:20:31 IST" name="Default suite" finished-at="2022-09-23T17:20:32 IST" duration-ms="730">
    <groups>
    </groups>
    <test started-at="2022-09-23T17:20:31 IST" name="Default test" finished-at="2022-09-23T17:20:32 IST" duration-ms="730">
      <class name="PracticePackage.ReadMultipleDataTest">
        <test-method signature="hotelMenu(java.lang.String,java.lang.String)[pri:0, instance:PracticePackage.ReadMultipleDataTest@3e92efc3]" started-at="2022-09-23T17:20:32 IST" name="hotelMenu" data-provider="getData" finished-at="2022-09-23T17:20:32 IST" duration-ms="6" status="PASS">
          <params>
            <param index="0">
              <value>
                <![CDATA[paadu]]>
              </value>
            </param>
            <param index="1">
              <value>
                <![CDATA[40.0]]>
              </value>
            </param>
          </params>
          <reporter-output>
          </reporter-output>
        </test-method> <!-- hotelMenu -->
        <test-method signature="hotelMenu(java.lang.String,java.lang.String)[pri:0, instance:PracticePackage.ReadMultipleDataTest@3e92efc3]" started-at="2022-09-23T17:20:32 IST" name="hotelMenu" data-provider="getData" finished-at="2022-09-23T17:20:32 IST" duration-ms="3" status="PASS">
          <params>
            <param index="0">
              <value>
                <![CDATA[poori]]>
              </value>
            </param>
            <param index="1">
              <value>
                <![CDATA[35.0]]>
              </value>
            </param>
          </params>
          <reporter-output>
          </reporter-output>
        </test-method> <!-- hotelMenu -->
        <test-method signature="hotelMenu(java.lang.String,java.lang.String)[pri:0, instance:PracticePackage.ReadMultipleDataTest@3e92efc3]" started-at="2022-09-23T17:20:32 IST" name="hotelMenu" data-provider="getData" finished-at="2022-09-23T17:20:32 IST" duration-ms="2" status="PASS">
          <params>
            <param index="0">
              <value>
                <![CDATA[dosa]]>
              </value>
            </param>
            <param index="1">
              <value>
                <![CDATA[50.0]]>
              </value>
            </param>
          </params>
          <reporter-output>
          </reporter-output>
        </test-method> <!-- hotelMenu -->
        <test-method signature="hotelMenu(java.lang.String,java.lang.String)[pri:0, instance:PracticePackage.ReadMultipleDataTest@3e92efc3]" started-at="2022-09-23T17:20:32 IST" name="hotelMenu" data-provider="getData" finished-at="2022-09-23T17:20:32 IST" duration-ms="0" status="PASS">
          <params>
            <param index="0">
              <value>
                <![CDATA[Idli]]>
              </value>
            </param>
            <param index="1">
              <value>
                <![CDATA[45.0]]>
              </value>
            </param>
          </params>
          <reporter-output>
          </reporter-output>
        </test-method> <!-- hotelMenu -->
        <test-method signature="hotelMenu(java.lang.String,java.lang.String)[pri:0, instance:PracticePackage.ReadMultipleDataTest@3e92efc3]" started-at="2022-09-23T17:20:32 IST" name="hotelMenu" data-provider="getData" finished-at="2022-09-23T17:20:32 IST" duration-ms="1" status="PASS">
          <params>
            <param index="0">
              <value>
                <![CDATA[vada]]>
              </value>
            </param>
            <param index="1">
              <value>
                <![CDATA[25.0]]>
              </value>
            </param>
          </params>
          <reporter-output>
          </reporter-output>
        </test-method> <!-- hotelMenu -->
      </class> <!-- PracticePackage.ReadMultipleDataTest -->
    </test> <!-- Default test -->
  </suite> <!-- Default suite -->
</testng-results>
